  TestApp.cpp
C:\Program Files (x86)\MSBuild\Microsoft.Cpp\v4.0\V140\Microsoft.CppCommon.targets(637,5): error MSB6006: "link.exe" exited with code 1104.
LINK : fatal error LNK1104: cannot open file 'C:\Users\CP\Desktop\SOThings\se2\SO_Serie2\Uthreads\Debug\USynch.lib'
